[INFO  - 2020-03-08T05:22:44.480Z] GhostDriver - Main - running on port 33089
[INFO  - 2020-03-08T05:22:45.412Z] Session [d7a3c200-60fc-11ea-898d-6b840f9ab1ba] - page.settings - {"XSSAuditingEnabled":false,"javascriptCanCloseWindows":true,"javascriptCanOpenWindows":true,"javascriptEnabled":true,"loadImages":true,"localToRemoteUrlAccessEnabled":false,"userAgent":"Mozilla/5.0 (Unknown; Linux x86_64) AppleWebKit/538.1 (KHTML, like Gecko) PhantomJS/2.1.1 Safari/538.1","webSecurityEnabled":true}
[INFO  - 2020-03-08T05:22:45.412Z] Session [d7a3c200-60fc-11ea-898d-6b840f9ab1ba] - page.customHeaders:  - {}
[INFO  - 2020-03-08T05:22:45.412Z] Session [d7a3c200-60fc-11ea-898d-6b840f9ab1ba] - Session.negotiatedCapabilities - {"browserName":"phantomjs","version":"2.1.1","driverName":"ghostdriver","driverVersion":"1.2.0","platform":"linux-unknown-64bit","javascriptEnabled":true,"takesScreenshot":true,"handlesAlerts":false,"databaseEnabled":false,"locationContextEnabled":false,"applicationCacheEnabled":false,"browserConnectionEnabled":false,"cssSelectorsEnabled":true,"webStorageEnabled":false,"rotatable":false,"acceptSslCerts":false,"nativeEvents":true,"proxy":{"proxyType":"direct"}}
[INFO  - 2020-03-08T05:22:45.412Z] SessionManagerReqHand - _postNewSessionCommand - New Session Created: d7a3c200-60fc-11ea-898d-6b840f9ab1ba
[ERROR - 2020-03-08T05:22:46.434Z] Session [d7a3c200-60fc-11ea-898d-6b840f9ab1ba] - page.onError - msg: TypeError: undefined is not a function (evaluating 'window.performance.getEntriesByType('paint')')

  phantomjs://platform/console++.js:263 in error
[ERROR - 2020-03-08T05:22:46.435Z] Session [d7a3c200-60fc-11ea-898d-6b840f9ab1ba] - page.onError - stack:
  getFirstContentfulPaint (https://stats.wp.com/e-202010.js:16)
  view (https://stats.wp.com/e-202010.js:15)
  push (https://stats.wp.com/e-202010.js:13)
  STQ (https://stats.wp.com/e-202010.js:13)
  initQueue (https://stats.wp.com/e-202010.js:13)
  (anonymous function) (https://stats.wp.com/e-202010.js:18)

  phantomjs://platform/console++.js:263 in error
[ERROR - 2020-03-08T05:22:46.996Z] Session [d7a3c200-60fc-11ea-898d-6b840f9ab1ba] - page.onError - msg: ReferenceError: Can't find variable: WeakMap

  phantomjs://platform/console++.js:263 in error
[ERROR - 2020-03-08T05:22:46.996Z] Session [d7a3c200-60fc-11ea-898d-6b840f9ab1ba] - page.onError - stack:
  (anonymous function) (https://s1.wp.com/wp-includes/js/dist/vendor/wp-polyfill-formdata.min.js?m=1550600082h&ver=3.0.12:9)

  phantomjs://platform/console++.js:263 in error
PhantomJS has crashed. Please read the bug reporting guide at
<http://phantomjs.org/bug-reporting.html> and file a bug report.
